{"/Users/lijoejohn/code-base/live-tube-status-react/src/__test__/mocks/linestatus.ts": {"path":"/Users/lijoejohn/code-base/live-tube-status-react/src/__test__/mocks/linestatus.ts","statementMap":{"0":{"start":{"line":1,"column":13},"end":{"line":438,"column":2}}},"fnMap":{},"branchMap":{},"s":{"0":2},"f":{},"b":{}}
,"/Users/lijoejohn/code-base/live-tube-status-react/src/components/common/Error.tsx": {"path":"/Users/lijoejohn/code-base/live-tube-status-react/src/components/common/Error.tsx","statementMap":{"0":{"start":{"line":6,"column":21},"end":{"line":13,"column":1}},"1":{"start":{"line":7,"column":2},"end":{"line":12,"column":4}},"2":{"start":{"line":6,"column":13},"end":{"line":6,"column":21}}},"fnMap":{"0":{"name":"(anonymous_0)","decl":{"start":{"line":6,"column":21},"end":{"line":6,"column":24}},"loc":{"start":{"line":6,"column":26},"end":{"line":13,"column":1}}}},"branchMap":{},"s":{"0":1,"1":1,"2":1},"f":{"0":1},"b":{}}
,"/Users/lijoejohn/code-base/live-tube-status-react/src/components/common/ErrorBoundary.tsx": {"path":"/Users/lijoejohn/code-base/live-tube-status-react/src/components/common/ErrorBoundary.tsx","statementMap":{"0":{"start":{"line":11,"column":0},"end":{"line":11,"column":52}},"1":{"start":{"line":26,"column":4},"end":{"line":26,"column":17}},"2":{"start":{"line":27,"column":4},"end":{"line":27,"column":37}},"3":{"start":{"line":31,"column":4},"end":{"line":33,"column":7}},"4":{"start":{"line":37,"column":4},"end":{"line":39,"column":5}},"5":{"start":{"line":38,"column":6},"end":{"line":38,"column":72}},"6":{"start":{"line":41,"column":4},"end":{"line":41,"column":31}},"7":{"start":{"line":44,"column":0},"end":{"line":44,"column":29}}},"fnMap":{"0":{"name":"(anonymous_1)","decl":{"start":{"line":25,"column":2},"end":{"line":25,"column":14}},"loc":{"start":{"line":25,"column":24},"end":{"line":28,"column":3}}},"1":{"name":"(anonymous_2)","decl":{"start":{"line":30,"column":2},"end":{"line":30,"column":19}},"loc":{"start":{"line":30,"column":54},"end":{"line":34,"column":3}}},"2":{"name":"(anonymous_3)","decl":{"start":{"line":36,"column":2},"end":{"line":36,"column":8}},"loc":{"start":{"line":36,"column":8},"end":{"line":42,"column":3}}}},"branchMap":{"0":{"loc":{"start":{"line":37,"column":4},"end":{"line":39,"column":5}},"type":"if","locations":[{"start":{"line":37,"column":4},"end":{"line":39,"column":5}}]}},"s":{"0":1,"1":3,"2":2,"3":1,"4":3,"5":1,"6":2,"7":1},"f":{"0":3,"1":1,"2":3},"b":{"0":[1]}}
,"/Users/lijoejohn/code-base/live-tube-status-react/src/components/common/Loader.tsx": {"path":"/Users/lijoejohn/code-base/live-tube-status-react/src/components/common/Loader.tsx","statementMap":{"0":{"start":{"line":5,"column":0},"end":{"line":5,"column":26}},"1":{"start":{"line":7,"column":0},"end":{"line":7,"column":37}},"2":{"start":{"line":8,"column":32},"end":{"line":11,"column":null}},"3":{"start":{"line":9,"column":2},"end":{"line":9,"column":null}},"4":{"start":{"line":8,"column":13},"end":{"line":8,"column":32}}},"fnMap":{"0":{"name":"(anonymous_1)","decl":{"start":{"line":8,"column":32},"end":{"line":8,"column":35}},"loc":{"start":{"line":9,"column":2},"end":{"line":9,"column":null}}}},"branchMap":{},"s":{"0":1,"1":1,"2":1,"3":0,"4":1},"f":{"0":0},"b":{}}
,"/Users/lijoejohn/code-base/live-tube-status-react/src/components/layout/Footer.tsx": {"path":"/Users/lijoejohn/code-base/live-tube-status-react/src/components/layout/Footer.tsx","statementMap":{"0":{"start":{"line":1,"column":0},"end":{"line":1,"column":26}},"1":{"start":{"line":3,"column":32},"end":{"line":14,"column":null}},"2":{"start":{"line":4,"column":2},"end":{"line":13,"column":null}},"3":{"start":{"line":3,"column":13},"end":{"line":3,"column":32}}},"fnMap":{"0":{"name":"(anonymous_1)","decl":{"start":{"line":3,"column":32},"end":{"line":3,"column":35}},"loc":{"start":{"line":4,"column":2},"end":{"line":13,"column":null}}}},"branchMap":{},"s":{"0":1,"1":1,"2":1,"3":1},"f":{"0":1},"b":{}}
,"/Users/lijoejohn/code-base/live-tube-status-react/src/components/layout/Header.tsx": {"path":"/Users/lijoejohn/code-base/live-tube-status-react/src/components/layout/Header.tsx","statementMap":{"0":{"start":{"line":1,"column":0},"end":{"line":1,"column":26}},"1":{"start":{"line":3,"column":0},"end":{"line":3,"column":37}},"2":{"start":{"line":5,"column":32},"end":{"line":14,"column":null}},"3":{"start":{"line":6,"column":2},"end":{"line":13,"column":null}},"4":{"start":{"line":5,"column":13},"end":{"line":5,"column":32}}},"fnMap":{"0":{"name":"(anonymous_1)","decl":{"start":{"line":5,"column":32},"end":{"line":5,"column":35}},"loc":{"start":{"line":6,"column":2},"end":{"line":13,"column":null}}}},"branchMap":{},"s":{"0":1,"1":1,"2":1,"3":1,"4":1},"f":{"0":1},"b":{}}
,"/Users/lijoejohn/code-base/live-tube-status-react/src/components/tubeLineStatus/TubeLineStatusColumn.tsx": {"path":"/Users/lijoejohn/code-base/live-tube-status-react/src/components/tubeLineStatus/TubeLineStatusColumn.tsx","statementMap":{"0":{"start":{"line":2,"column":0},"end":{"line":2,"column":51}},"1":{"start":{"line":3,"column":0},"end":{"line":3,"column":55}},"2":{"start":{"line":13,"column":69},"end":{"line":57,"column":1}},"3":{"start":{"line":16,"column":2},"end":{"line":56,"column":4}},"4":{"start":{"line":22,"column":27},"end":{"line":22,"column":54}},"5":{"start":{"line":23,"column":23},"end":{"line":23,"column":41}},"6":{"start":{"line":24,"column":8},"end":{"line":53,"column":10}},"7":{"start":{"line":13,"column":13},"end":{"line":13,"column":69}}},"fnMap":{"0":{"name":"(anonymous_1)","decl":{"start":{"line":13,"column":69},"end":{"line":13,"column":70}},"loc":{"start":{"line":15,"column":5},"end":{"line":57,"column":1}}},"1":{"name":"(anonymous_2)","decl":{"start":{"line":21,"column":17},"end":{"line":21,"column":18}},"loc":{"start":{"line":21,"column":29},"end":{"line":54,"column":7}}}},"branchMap":{"0":{"loc":{"start":{"line":22,"column":27},"end":{"line":22,"column":54}},"type":"binary-expr","locations":[{"start":{"line":22,"column":27},"end":{"line":22,"column":48}},{"start":{"line":22,"column":52},"end":{"line":22,"column":54}}]},"1":{"loc":{"start":{"line":33,"column":15},"end":{"line":45,"column":null}},"type":"cond-expr","locations":[{"start":{"line":34,"column":16},"end":{"line":40,"column":null}},{"start":{"line":43,"column":16},"end":{"line":44,"column":null}}]}},"s":{"0":3,"1":3,"2":3,"3":5,"4":17,"5":17,"6":17,"7":3},"f":{"0":5,"1":17},"b":{"0":[17,0],"1":[5,12]}}
,"/Users/lijoejohn/code-base/live-tube-status-react/src/components/tubeLineStatus/TubeLineStatusContainer.tsx": {"path":"/Users/lijoejohn/code-base/live-tube-status-react/src/components/tubeLineStatus/TubeLineStatusContainer.tsx","statementMap":{"0":{"start":{"line":1,"column":0},"end":{"line":1,"column":26}},"1":{"start":{"line":2,"column":0},"end":{"line":2,"column":50}},"2":{"start":{"line":3,"column":0},"end":{"line":3,"column":50}},"3":{"start":{"line":4,"column":0},"end":{"line":4,"column":82}},"4":{"start":{"line":5,"column":0},"end":{"line":5,"column":54}},"5":{"start":{"line":6,"column":0},"end":{"line":6,"column":64}},"6":{"start":{"line":7,"column":0},"end":{"line":7,"column":50}},"7":{"start":{"line":8,"column":0},"end":{"line":8,"column":48}},"8":{"start":{"line":14,"column":49},"end":{"line":32,"column":1}},"9":{"start":{"line":15,"column":33},"end":{"line":15,"column":53}},"10":{"start":{"line":16,"column":2},"end":{"line":31,"column":4}},"11":{"start":{"line":14,"column":13},"end":{"line":14,"column":49}},"12":{"start":{"line":34,"column":0},"end":{"line":34,"column":39}}},"fnMap":{"0":{"name":"(anonymous_1)","decl":{"start":{"line":14,"column":49},"end":{"line":14,"column":52}},"loc":{"start":{"line":14,"column":54},"end":{"line":32,"column":1}}}},"branchMap":{"0":{"loc":{"start":{"line":23,"column":13},"end":{"line":23,"column":36}},"type":"binary-expr","locations":[{"start":{"line":23,"column":13},"end":{"line":23,"column":22}},{"start":{"line":23,"column":26},"end":{"line":23,"column":36}}]},"1":{"loc":{"start":{"line":24,"column":13},"end":{"line":24,"column":58}},"type":"binary-expr","locations":[{"start":{"line":24,"column":13},"end":{"line":24,"column":19}},{"start":{"line":24,"column":23},"end":{"line":24,"column":58}}]},"2":{"loc":{"start":{"line":25,"column":13},"end":{"line":25,"column":58}},"type":"binary-expr","locations":[{"start":{"line":25,"column":13},"end":{"line":25,"column":28}},{"start":{"line":25,"column":32},"end":{"line":25,"column":45}},{"start":{"line":25,"column":49},"end":{"line":25,"column":58}}]}},"s":{"0":1,"1":1,"2":1,"3":1,"4":1,"5":1,"6":1,"7":1,"8":1,"9":1,"10":1,"11":1,"12":1},"f":{"0":1},"b":{"0":[1,0],"1":[1,0],"2":[1,1,1]}}
,"/Users/lijoejohn/code-base/live-tube-status-react/src/components/tubeLineStatus/TubeLineStatusList.tsx": {"path":"/Users/lijoejohn/code-base/live-tube-status-react/src/components/tubeLineStatus/TubeLineStatusList.tsx","statementMap":{"0":{"start":{"line":1,"column":0},"end":{"line":1,"column":26}},"1":{"start":{"line":2,"column":0},"end":{"line":2,"column":51}},"2":{"start":{"line":4,"column":0},"end":{"line":4,"column":62}},"3":{"start":{"line":16,"column":51},"end":{"line":29,"column":1}},"4":{"start":{"line":17,"column":14},"end":{"line":17,"column":41}},"5":{"start":{"line":18,"column":27},"end":{"line":18,"column":46}},"6":{"start":{"line":19,"column":28},"end":{"line":19,"column":44}},"7":{"start":{"line":21,"column":2},"end":{"line":28,"column":4}},"8":{"start":{"line":16,"column":13},"end":{"line":16,"column":51}}},"fnMap":{"0":{"name":"(anonymous_1)","decl":{"start":{"line":16,"column":51},"end":{"line":16,"column":52}},"loc":{"start":{"line":16,"column":65},"end":{"line":29,"column":1}}}},"branchMap":{"0":{"loc":{"start":{"line":21,"column":9},"end":{"line":27,"column":null}},"type":"cond-expr","locations":[{"start":{"line":22,"column":4},"end":{"line":24,"column":null}},{"start":{"line":27,"column":4},"end":{"line":27,"column":60}}]}},"s":{"0":2,"1":2,"2":2,"3":2,"4":2,"5":2,"6":2,"7":2,"8":2},"f":{"0":2},"b":{"0":[1,1]}}
,"/Users/lijoejohn/code-base/live-tube-status-react/src/constants/index.ts": {"path":"/Users/lijoejohn/code-base/live-tube-status-react/src/constants/index.ts","statementMap":{"0":{"start":{"line":8,"column":33},"end":{"line":30,"column":2}},"1":{"start":{"line":32,"column":9},"end":{"line":32,"column":29}}},"fnMap":{},"branchMap":{},"s":{"0":4,"1":4},"f":{},"b":{}}
,"/Users/lijoejohn/code-base/live-tube-status-react/src/hooks/useFecthTubeStatus.ts": {"path":"/Users/lijoejohn/code-base/live-tube-status-react/src/hooks/useFecthTubeStatus.ts","statementMap":{"0":{"start":{"line":1,"column":0},"end":{"line":1,"column":44}},"1":{"start":{"line":3,"column":0},"end":{"line":3,"column":60}},"2":{"start":{"line":16,"column":27},"end":{"line":43,"column":1}},"3":{"start":{"line":17,"column":14},"end":{"line":17,"column":74}},"4":{"start":{"line":18,"column":26},"end":{"line":18,"column":42}},"5":{"start":{"line":19,"column":32},"end":{"line":19,"column":55}},"6":{"start":{"line":20,"column":28},"end":{"line":20,"column":52}},"7":{"start":{"line":22,"column":2},"end":{"line":40,"column":9}},"8":{"start":{"line":23,"column":4},"end":{"line":39,"column":9}},"9":{"start":{"line":25,"column":8},"end":{"line":27,"column":9}},"10":{"start":{"line":26,"column":10},"end":{"line":26,"column":68}},"11":{"start":{"line":28,"column":8},"end":{"line":28,"column":31}},"12":{"start":{"line":31,"column":8},"end":{"line":31,"column":50}},"13":{"start":{"line":32,"column":8},"end":{"line":32,"column":24}},"14":{"start":{"line":35,"column":8},"end":{"line":35,"column":24}},"15":{"start":{"line":38,"column":8},"end":{"line":38,"column":26}},"16":{"start":{"line":42,"column":2},"end":{"line":42,"column":32}},"17":{"start":{"line":44,"column":0},"end":{"line":44,"column":34}}},"fnMap":{"0":{"name":"(anonymous_0)","decl":{"start":{"line":16,"column":27},"end":{"line":16,"column":74}},"loc":{"start":{"line":16,"column":76},"end":{"line":43,"column":1}}},"1":{"name":"(anonymous_1)","decl":{"start":{"line":22,"column":12},"end":{"line":22,"column":15}},"loc":{"start":{"line":22,"column":17},"end":{"line":40,"column":3}}},"2":{"name":"(anonymous_2)","decl":{"start":{"line":24,"column":12},"end":{"line":24,"column":13}},"loc":{"start":{"line":24,"column":25},"end":{"line":29,"column":7}}},"3":{"name":"(anonymous_3)","decl":{"start":{"line":30,"column":12},"end":{"line":30,"column":13}},"loc":{"start":{"line":30,"column":21},"end":{"line":33,"column":7}}},"4":{"name":"(anonymous_4)","decl":{"start":{"line":34,"column":13},"end":{"line":34,"column":14}},"loc":{"start":{"line":34,"column":23},"end":{"line":36,"column":7}}},"5":{"name":"(anonymous_5)","decl":{"start":{"line":37,"column":15},"end":{"line":37,"column":18}},"loc":{"start":{"line":37,"column":20},"end":{"line":39,"column":7}}}},"branchMap":{"0":{"loc":{"start":{"line":25,"column":8},"end":{"line":27,"column":9}},"type":"if","locations":[{"start":{"line":25,"column":8},"end":{"line":27,"column":9}}]}},"s":{"0":2,"1":2,"2":2,"3":4,"4":4,"5":4,"6":4,"7":4,"8":2,"9":1,"10":0,"11":1,"12":1,"13":1,"14":1,"15":2,"16":4,"17":2},"f":{"0":4,"1":2,"2":1,"3":1,"4":1,"5":2},"b":{"0":[0]}}
,"/Users/lijoejohn/code-base/live-tube-status-react/src/utils/tubeStatus.ts": {"path":"/Users/lijoejohn/code-base/live-tube-status-react/src/utils/tubeStatus.ts","statementMap":{"0":{"start":{"line":1,"column":0},"end":{"line":1,"column":58}},"1":{"start":{"line":11,"column":37},"end":{"line":19,"column":1}},"2":{"start":{"line":12,"column":2},"end":{"line":14,"column":3}},"3":{"start":{"line":13,"column":4},"end":{"line":13,"column":14}},"4":{"start":{"line":15,"column":2},"end":{"line":17,"column":3}},"5":{"start":{"line":16,"column":4},"end":{"line":16,"column":13}},"6":{"start":{"line":18,"column":2},"end":{"line":18,"column":11}},"7":{"start":{"line":11,"column":13},"end":{"line":11,"column":37}},"8":{"start":{"line":27,"column":29},"end":{"line":32,"column":1}},"9":{"start":{"line":28,"column":17},"end":{"line":30,"column":4}},"10":{"start":{"line":29,"column":4},"end":{"line":29,"column":31}},"11":{"start":{"line":31,"column":2},"end":{"line":31,"column":41}},"12":{"start":{"line":27,"column":13},"end":{"line":27,"column":29}}},"fnMap":{"0":{"name":"(anonymous_0)","decl":{"start":{"line":11,"column":37},"end":{"line":11,"column":38}},"loc":{"start":{"line":11,"column":66},"end":{"line":19,"column":1}}},"1":{"name":"(anonymous_1)","decl":{"start":{"line":27,"column":29},"end":{"line":27,"column":30}},"loc":{"start":{"line":27,"column":48},"end":{"line":32,"column":1}}},"2":{"name":"(anonymous_2)","decl":{"start":{"line":28,"column":43},"end":{"line":28,"column":44}},"loc":{"start":{"line":28,"column":53},"end":{"line":30,"column":3}}}},"branchMap":{"0":{"loc":{"start":{"line":12,"column":2},"end":{"line":14,"column":3}},"type":"if","locations":[{"start":{"line":12,"column":2},"end":{"line":14,"column":3}}]},"1":{"loc":{"start":{"line":15,"column":2},"end":{"line":17,"column":3}},"type":"if","locations":[{"start":{"line":15,"column":2},"end":{"line":17,"column":3}}]},"2":{"loc":{"start":{"line":31,"column":9},"end":{"line":31,"column":40}},"type":"binary-expr","locations":[{"start":{"line":31,"column":9},"end":{"line":31,"column":22}},{"start":{"line":31,"column":26},"end":{"line":31,"column":40}}]}},"s":{"0":4,"1":4,"2":3,"3":1,"4":2,"5":1,"6":1,"7":4,"8":4,"9":14,"10":90,"11":14,"12":4},"f":{"0":3,"1":14,"2":90},"b":{"0":[1],"1":[1],"2":[14,1]}}
}
