TN:
SF:src/__test__/mocks/linestatus.ts
FNF:0
FNH:0
DA:1,2
LF:1
LH:1
BRF:0
BRH:0
end_of_record
TN:
SF:src/components/common/Error.tsx
FN:6,(anonymous_0)
FNF:1
FNH:1
FNDA:1,(anonymous_0)
DA:6,1
DA:7,1
LF:2
LH:2
BRF:0
BRH:0
end_of_record
TN:
SF:src/components/common/ErrorBoundary.tsx
FN:25,(anonymous_1)
FN:30,(anonymous_2)
FN:36,(anonymous_3)
FNF:3
FNH:3
FNDA:3,(anonymous_1)
FNDA:1,(anonymous_2)
FNDA:3,(anonymous_3)
DA:11,1
DA:26,3
DA:27,2
DA:31,1
DA:37,3
DA:38,1
DA:41,2
DA:44,1
LF:8
LH:8
BRDA:37,0,0,1
BRF:1
BRH:1
end_of_record
TN:
SF:src/components/common/Loader.tsx
FN:8,(anonymous_1)
FNF:1
FNH:0
FNDA:0,(anonymous_1)
DA:5,1
DA:7,1
DA:8,1
DA:9,0
LF:4
LH:3
BRF:0
BRH:0
end_of_record
TN:
SF:src/components/layout/Footer.tsx
FN:3,(anonymous_1)
FNF:1
FNH:1
FNDA:1,(anonymous_1)
DA:1,1
DA:3,1
DA:4,1
LF:3
LH:3
BRF:0
BRH:0
end_of_record
TN:
SF:src/components/layout/Header.tsx
FN:5,(anonymous_1)
FNF:1
FNH:1
FNDA:1,(anonymous_1)
DA:1,1
DA:3,1
DA:5,1
DA:6,1
LF:4
LH:4
BRF:0
BRH:0
end_of_record
TN:
SF:src/components/tubeLineStatus/TubeLineStatusColumn.tsx
FN:13,(anonymous_1)
FN:21,(anonymous_2)
FNF:2
FNH:2
FNDA:5,(anonymous_1)
FNDA:17,(anonymous_2)
DA:2,3
DA:3,3
DA:13,3
DA:16,5
DA:22,17
DA:23,17
DA:24,17
LF:7
LH:7
BRDA:22,0,0,17
BRDA:22,0,1,0
BRDA:33,1,0,5
BRDA:33,1,1,12
BRF:4
BRH:3
end_of_record
TN:
SF:src/components/tubeLineStatus/TubeLineStatusContainer.tsx
FN:14,(anonymous_1)
FNF:1
FNH:1
FNDA:1,(anonymous_1)
DA:1,1
DA:2,1
DA:3,1
DA:4,1
DA:5,1
DA:6,1
DA:7,1
DA:8,1
DA:14,1
DA:15,1
DA:16,1
DA:34,1
LF:12
LH:12
BRDA:23,0,0,1
BRDA:23,0,1,0
BRDA:24,1,0,1
BRDA:24,1,1,0
BRDA:25,2,0,1
BRDA:25,2,1,1
BRDA:25,2,2,1
BRF:7
BRH:5
end_of_record
TN:
SF:src/components/tubeLineStatus/TubeLineStatusList.tsx
FN:16,(anonymous_1)
FNF:1
FNH:1
FNDA:2,(anonymous_1)
DA:1,2
DA:2,2
DA:4,2
DA:16,2
DA:17,2
DA:18,2
DA:19,2
DA:21,2
LF:8
LH:8
BRDA:21,0,0,1
BRDA:21,0,1,1
BRF:2
BRH:2
end_of_record
TN:
SF:src/constants/index.ts
FNF:0
FNH:0
DA:8,4
DA:32,4
LF:2
LH:2
BRF:0
BRH:0
end_of_record
TN:
SF:src/hooks/useFecthTubeStatus.ts
FN:16,(anonymous_0)
FN:22,(anonymous_1)
FN:24,(anonymous_2)
FN:30,(anonymous_3)
FN:34,(anonymous_4)
FN:37,(anonymous_5)
FNF:6
FNH:6
FNDA:4,(anonymous_0)
FNDA:2,(anonymous_1)
FNDA:1,(anonymous_2)
FNDA:1,(anonymous_3)
FNDA:1,(anonymous_4)
FNDA:2,(anonymous_5)
DA:1,2
DA:3,2
DA:16,2
DA:17,4
DA:18,4
DA:19,4
DA:20,4
DA:22,4
DA:23,2
DA:25,1
DA:26,0
DA:28,1
DA:31,1
DA:32,1
DA:35,1
DA:38,2
DA:42,4
DA:44,2
LF:18
LH:17
BRDA:25,0,0,0
BRF:1
BRH:0
end_of_record
TN:
SF:src/utils/tubeStatus.ts
FN:11,(anonymous_0)
FN:27,(anonymous_1)
FN:28,(anonymous_2)
FNF:3
FNH:3
FNDA:3,(anonymous_0)
FNDA:14,(anonymous_1)
FNDA:90,(anonymous_2)
DA:1,4
DA:11,4
DA:12,3
DA:13,1
DA:15,2
DA:16,1
DA:18,1
DA:27,4
DA:28,14
DA:29,90
DA:31,14
LF:11
LH:11
BRDA:12,0,0,1
BRDA:15,1,0,1
BRDA:31,2,0,14
BRDA:31,2,1,1
BRF:4
BRH:4
end_of_record
